<?xml version="1.0" encoding="UTF-8"?>
<testng-results skipped="0" failed="0" total="0" passed="0">
  <reporter-output>
  </reporter-output>
  <suite name="TestRunner.TestRuner" duration-ms="3" started-at="2020-08-14T06:36:12Z" finished-at="2020-08-14T06:36:12Z">
    <groups>
    </groups>
    <test name="Command line test" duration-ms="3" started-at="2020-08-14T06:36:12Z" finished-at="2020-08-14T06:36:12Z">
    </test> <!-- Command line test -->
  </suite> <!-- TestRunner.TestRuner -->
</testng-results>
